=PROGRESS REPORT==== 12-Nov-2020::13:42:37.946695 ===
    supervisor: {local,logger_sup}
    started: [{pid,<0.90.0>},
              {id,error_logger},
              {mfargs,{error_logger,start_link,[]}},
              {restart_type,transient},
              {shutdown,2000},
              {child_type,worker}]

=PROGRESS REPORT==== 12-Nov-2020::13:42:37.951304 ===
    supervisor: {local,sasl_safe_sup}
    started: [{pid,<0.93.0>},
              {id,alarm_handler},
              {mfargs,{alarm_handler,start_link,[]}},
              {restart_type,permanent},
              {shutdown,2000},
              {child_type,worker}]

=PROGRESS REPORT==== 12-Nov-2020::13:42:37.951426 ===
    supervisor: {local,sasl_sup}
    started: [{pid,<0.92.0>},
              {id,sasl_safe_sup},
              {mfargs,{supervisor,start_link,
                                  [{local,sasl_safe_sup},sasl,safe]}},
              {restart_type,permanent},
              {shutdown,infinity},
              {child_type,supervisor}]

=PROGRESS REPORT==== 12-Nov-2020::13:42:37.996788 ===
    supervisor: {local,sasl_sup}
    started: [{pid,<0.94.0>},
              {id,release_handler},
              {mfargs,{release_handler,start_link,[]}},
              {restart_type,permanent},
              {shutdown,2000},
              {child_type,worker}]

=PROGRESS REPORT==== 12-Nov-2020::13:42:37.997001 ===
    application: sasl
    started_at: 'cvbank@192.168.20.179'

=PROGRESS REPORT==== 12-Nov-2020::13:42:38.024676 ===
    supervisor: {local,bank_sup}
    started: [{pid,<0.105.0>},
              {id,center},
              {mfargs,{server_example,start_link,[]}},
              {restart_type,permanent},
              {shutdown,5000},
              {child_type,worker}]

=PROGRESS REPORT==== 12-Nov-2020::13:42:38.024839 ===
    supervisor: {local,game_sup}
    started: [{pid,<0.104.0>},
              {id,bank_sup},
              {mfargs,{bank_sup,start_link,[]}},
              {restart_type,permanent},
              {shutdown,infinity},
              {child_type,supervisor}]

=PROGRESS REPORT==== 12-Nov-2020::13:42:38.024993 ===
    application: bank
    started_at: 'cvbank@192.168.20.179'

=ERROR REPORT==== 12-Nov-2020::13:42:49.704710 ===
Error in process <0.106.0> on node 'cvbank@192.168.20.179' with exit value:
{{badmatch,{error,closed}},
 [{server_example,per_connect,1,
                  [{file,"src/server_example.erl"},{line,223}]}]}

