[2022-11-29 00:38:04]<E>(<0.100.0>:util_game:27) : >>>>{error,
                                   {{'EXIT',
                                     {undef,
                                      [{serv_ets_mgr,start_link,[14],[]},
                                       {supervisor,do_start_child_i,3,
                                        [{file,"supervisor.erl"},{line,385}]},
                                       {supervisor,do_start_child,2,
                                        [{file,"supervisor.erl"},{line,371}]},
                                       {supervisor,handle_start_child,2,
                                        [{file,"supervisor.erl"},{line,677}]},
                                       {supervisor,handle_call,3,
                                        [{file,"supervisor.erl"},{line,426}]},
                                       {gen_server,try_handle_call,4,
                                        [{file,"gen_server.erl"},{line,706}]},
                                       {gen_server,handle_msg,6,
                                        [{file,"gen_server.erl"},{line,735}]},
                                       {proc_lib,init_p_do_apply,3,
                                        [{file,"proc_lib.erl"},{line,226}]}]}},
                                    {child,undefined,serv_ets_mgr,
                                     {serv_ets_mgr,start_link,[14]},
                                     permanent,30000,worker,
                                     [serv_ets_mgr]}}}
</E>
[2022-11-29 00:38:04]<E>(<0.139.0>:serv_mnesia_mgr:58) : mnesia database management process end:undefined</E>
[2022-11-29 00:38:04]<E>(<0.9.0>:world:30) : start world manage node err:throw:{error,
                                                           {cannot_start_app,
                                                            world,
                                                            {{{'EXIT',
                                                               {undef,
                                                                [{serv_ets_mgr,
                                                                  start_link,
                                                                  [14],
                                                                  []},
                                                                 {supervisor,
                                                                  do_start_child_i,
                                                                  3,
                                                                  [{file,
                                                                    "supervisor.erl"},
                                                                   {line,
                                                                    385}]},
                                                                 {supervisor,
                                                                  do_start_child,
                                                                  2,
                                                                  [{file,
                                                                    "supervisor.erl"},
                                                                   {line,
                                                                    371}]},
                                                                 {supervisor,
                                                                  handle_start_child,
                                                                  2,
                                                                  [{file,
                                                                    "supervisor.erl"},
                                                                   {line,
                                                                    677}]},
                                                                 {supervisor,
                                                                  handle_call,
                                                                  3,
                                                                  [{file,
                                                                    "supervisor.erl"},
                                                                   {line,
                                                                    426}]},
                                                                 {gen_server,
                                                                  try_handle_call,
                                                                  4,
                                                                  [{file,
                                                                    "gen_server.erl"},
                                                                   {line,
                                                                    706}]},
                                                                 {gen_server,
                                                                  handle_msg,
                                                                  6,
                                                                  [{file,
                                                                    "gen_server.erl"},
                                                                   {line,
                                                                    735}]},
                                                                 {proc_lib,
                                                                  init_p_do_apply,
                                                                  3,
                                                                  [{file,
                                                                    "proc_lib.erl"},
                                                                   {line,
                                                                    226}]}]}},
                                                              {child,
                                                               undefined,
                                                               serv_ets_mgr,
                                                               {serv_ets_mgr,
                                                                start_link,
                                                                [14]},
                                                               permanent,
                                                               30000,worker,
                                                               [serv_ets_mgr]}},
                                                             {world,start,
                                                              [normal,[]]}}}}</E>
[2022-11-29 00:41:04]<I>(<0.100.0>:world_sup:36) : world server Sup = <0.138.0></I>
[2022-11-29 00:41:04]<E>(<0.139.0>:util_db:95) : assign_select_sync err:db_world_chat {'EXIT',{noproc,{gen_server,call,[{db_mysql_1,'cvbank@192.168.1.197'},{select_sync,db_world_chat,list,[]},10000]}}}</E>
[2022-11-29 00:41:04]<I>(<0.100.0>:world:40) : start world manage node suff:'cvbank@192.168.1.197' good</I>
[2022-11-29 00:41:04]<E>(<0.139.0>:serv_world_chat_mgr:50) : handle info:{init_world_chat}       error error:{case_clause,{'EXIT',{noproc,{gen_server,call,[{db_mysql_1,'cvbank@192.168.1.197'},{select_sync,db_world_chat,list,[]},10000]}}}}</E>
[2022-11-29 00:43:49]<I>(<0.139.0>:serv_world_chat_mgr:54) : serv_world_chat_mgr begin close</I>
[2022-11-29 00:43:49]<E>(<0.139.0>:util_db:95) : assign_select_sync err:db_world_chat {'EXIT',{noproc,{gen_server,call,[{db_mysql_1,'cvbank@192.168.1.197'},{select_sync,db_world_chat,list,[]},10000]}}}</E>
[2022-11-29 00:44:06]<I>(<0.100.0>:world_sup:36) : world server Sup = <0.138.0></I>
[2022-11-29 00:44:06]<E>(<0.139.0>:util_db:95) : assign_select_sync err:db_world_chat {'EXIT',{noproc,{gen_server,call,[{db_mysql_1,'cvbank@192.168.1.197'},{select_sync,db_world_chat,list,[]},10000]}}}</E>
[2022-11-29 00:44:06]<I>(<0.100.0>:world:40) : start world manage node suff:'cvbank@192.168.1.197' good</I>
[2022-11-29 00:44:06]<E>(<0.139.0>:serv_world_chat_mgr:50) : handle info:{init_world_chat}       error error:{case_clause,{'EXIT',{noproc,{gen_server,call,[{db_mysql_1,'cvbank@192.168.1.197'},{select_sync,db_world_chat,list,[]},10000]}}}}</E>
[2022-11-29 00:48:00]<E>(<0.142.0>:util_db_game:64) : mysql:585: added connection with id '1' (pid <0.147.0>) to my list
</E>
[2022-11-29 00:48:00]<E>(<0.142.0>:util_db_game:64) : mysql:585: added connection with id '1' (pid <0.153.0>) to my list
</E>
[2022-11-29 00:48:00]<E>(<0.140.0>:util_db_game:41) : Ip:"127.0.0.1",port:3306 mysql powol:1 succeful</E>
[2022-11-29 00:48:00]<I>(<0.100.0>:world_sup:44) : world server Sup = <0.138.0></I>
[2022-11-29 00:48:00]<I>(<0.100.0>:world:40) : start world manage node suff:'cvbank@192.168.1.197' good</I>
[2022-11-29 00:48:00]<E>(<0.164.0>:serv_world_chat_mgr:50) : handle info:{init_world_chat}       error exit:{aborted,{no_exists,[m_db_world_chat,{world_chat_m,'_','_','_','_','_','_','_','_'}]}}</E>
[2022-11-29 00:53:17]<E>(<0.142.0>:util_db_game:64) : mysql:585: added connection with id '1' (pid <0.147.0>) to my list
</E>
[2022-11-29 00:53:17]<E>(<0.142.0>:util_db_game:64) : mysql:585: added connection with id '1' (pid <0.153.0>) to my list
</E>
[2022-11-29 00:53:17]<E>(<0.140.0>:util_db_game:41) : Ip:"127.0.0.1",port:3306 mysql powol:1 succeful</E>
[2022-11-29 00:53:17]<I>(<0.100.0>:world_sup:44) : world server Sup = <0.138.0></I>
[2022-11-29 00:53:17]<I>(<0.100.0>:world:40) : start world manage node suff:'cvbank@192.168.1.197' good</I>
[2022-11-29 00:53:17]<E>(<0.163.0>:util_db_mysql_serv:87) : 处理同步查询出错:{'EXIT',{badarg,[{erlang,binary_to_term,[<<97,119,97,119,102,97,119,102>>],[]},{world_chat,to_term,1,[{file,[115,114,99,47,110,111,100,101,47,100,98,95,109,121,115,113,108,47,100,98,95,116,97,98,108,101,47,119,111,114,108,100,95,99,104,97,116,46,101,114,108]},{line,40}]},{world_chat,to_rec,1,[{file,[115,114,99,47,110,111,100,101,47,100,98,95,109,121,115,113,108,47,100,98,95,116,97,98,108,101,47,119,111,114,108,100,95,99,104,97,116,46,101,114,108]},{line,59}]},{world_chat,'-select/5-lc$^0/1-0-',1,[{file,[115,114,99,47,110,111,100,101,47,100,98,95,109,121,115,113,108,47,100,98,95,116,97,98,108,101,47,119,111,114,108,100,95,99,104,97,116,46,101,114,108]},{line,109}]},{world_chat,select,5,[{file,[115,114,99,47,110,111,100,101,47,100,98,95,109,121,115,113,108,47,100,98,95,116,97,98,108,101,47,119,111,114,108,100,95,99,104,97,116,46,101,114,108]},{line,109}]},{util_db_mysql_serv,check_deal_select_sync,4,[{file,[115,114,99,47,110,111,100,101,47,100,98,95,109,121,115,113,108,47,117,116,105,108,47,117,116,105,108,95,100,98,95,109,121,115,113,108,95,115,101,114,118,46,101,114,108]},{line,76}]},{util_db_mysql_serv,deal_select_sync,4,[{file,[115,114,99,47,110,111,100,101,47,100,98,95,109,121,115,113,108,47,117,116,105,108,47,117,116,105,108,95,100,98,95,109,121,115,113,108,95,115,101,114,118,46,101,114,108]},{line,81}]},{serv_db_mysql,do_call,3,[{file,[115,114,99,47,110,111,100,101,47,100,98,95,109,121,115,113,108,47,115,101,114,118,47,115,101,114,118,95,100,98,95,109,121,115,113,108,46,101,114,108]},{line,83}]}]}}</E>
[2022-11-29 00:53:17]<E>(<0.163.0>:util_db_mysql_serv:88) : 处理同步查询方法失败:erlang:apply(db_world_chat,list,[])</E>
[2022-11-29 00:53:17]<E>(<0.164.0>:util_db:95) : assign_select_sync err:db_world_chat {error,7777}</E>
[2022-11-29 00:53:17]<E>(<0.164.0>:serv_world_chat_mgr:50) : handle info:{init_world_chat}       error error:{case_clause,{error,7777}}</E>
[2022-11-29 00:59:08]<E>(<0.142.0>:util_db_game:64) : mysql:585: added connection with id '1' (pid <0.147.0>) to my list
</E>
[2022-11-29 00:59:08]<E>(<0.142.0>:util_db_game:64) : mysql:585: added connection with id '1' (pid <0.153.0>) to my list
</E>
[2022-11-29 00:59:08]<E>(<0.140.0>:util_db_game:41) : Ip:"127.0.0.1",port:3306 mysql powol:1 succeful</E>
[2022-11-29 00:59:08]<I>(<0.100.0>:world_sup:44) : world server Sup = <0.138.0></I>
[2022-11-29 00:59:08]<E>(<0.164.0>:serv_world_chat_mgr:50) : handle info:{init_world_chat}       error error:function_clause</E>
[2022-11-29 00:59:08]<I>(<0.100.0>:world:40) : start world manage node suff:'cvbank@192.168.1.197' good</I>
[2022-11-29 01:00:22]<E>(<0.142.0>:util_db_game:64) : mysql:585: added connection with id '1' (pid <0.147.0>) to my list
</E>
[2022-11-29 01:00:22]<E>(<0.142.0>:util_db_game:64) : mysql:585: added connection with id '1' (pid <0.153.0>) to my list
</E>
[2022-11-29 01:00:22]<E>(<0.140.0>:util_db_game:41) : Ip:"127.0.0.1",port:3306 mysql powol:1 succeful</E>
[2022-11-29 01:00:22]<I>(<0.100.0>:world_sup:44) : world server Sup = <0.138.0></I>
[2022-11-29 01:00:22]<I>(<0.100.0>:world:40) : start world manage node suff:'cvbank@192.168.1.197' good</I>
[2022-11-29 01:00:22]<E>(<0.164.0>:util_world_chat_mgr:45) : WorldChats2 data:[{world_chat,1,3,4,[{chat_part,1,<<97,119,102,97,119,113>>,[],[],100010}],8,5}]</E>
[2022-11-29 01:01:46]<I>(<0.164.0>:serv_world_chat_mgr:54) : serv_world_chat_mgr begin close</I>
[2022-11-29 01:01:46]<E>(<0.140.0>:serv_db_mysql_mgr:41) : DB finished:undefined</E>
[2022-11-29 01:01:46]<I>(<0.163.0>:serv_db_mysql:61) : 数据库进程db_mysql_1 结束:undefined</I>
[2022-11-29 01:24:30]<E>(<0.142.0>:util_db_game:64) : mysql:585: added connection with id '1' (pid <0.147.0>) to my list
</E>
[2022-11-29 01:24:30]<E>(<0.142.0>:util_db_game:64) : mysql:585: added connection with id '1' (pid <0.153.0>) to my list
</E>
[2022-11-29 01:24:30]<E>(<0.140.0>:util_db_game:41) : Ip:"127.0.0.1",port:3306 mysql powol:1 succeful</E>
[2022-11-29 01:24:31]<I>(<0.100.0>:world_sup:44) : world server Sup = <0.138.0></I>
[2022-11-29 01:24:31]<I>(<0.100.0>:world:40) : start world manage node suff:'cvbank@192.168.1.197' good</I>
[2022-11-29 01:24:31]<E>(<0.533.0>:util_world_chat_mgr:28) : WorldChats2 data:[{world_chat,1,3,4,[{chat_part,1,<<97,119,102,97,119,113>>,[],[],100010}],8,5}]</E>
